nohup: ignoring input
Building connector
Step 1 : FROM resin/rpi-raspbian:jessie
 ---> e49ffb0714c7
Step 2 : RUN apt-get update && apt-get install -y     build-essential     cmake     curl     git     python     python-dev     python-pip     swig     --no-install-recommends &&     rm -rf /var/lib/apt/lists/*
 ---> Using cache
 ---> 6a5dbc36bf49
Step 3 : WORKDIR /scratch
 ---> Using cache
 ---> 163dafb4938e
Step 4 : RUN curl -LO https://github.com/actor-framework/actor-framework/archive/0.14.5.tar.gz
 ---> Using cache
 ---> 0b8ffbc10568
Step 5 : RUN tar xzf 0.14.5.tar.gz
 ---> Using cache
 ---> da6df6ce5855
Step 6 : WORKDIR actor-framework-0.14.5
 ---> Using cache
 ---> 4bf78d72621e
Step 7 : RUN ./configure
 ---> Using cache
 ---> 36892b029eff
Step 8 : RUN make -j4 install
 ---> Running in 614a781830be
make[1]: Entering directory '/scratch/actor-framework-0.14.5/build'
make[2]: Entering directory '/scratch/actor-framework-0.14.5/build'
make[3]: Entering directory '/scratch/actor-framework-0.14.5/build'
make[3]: Entering directory '/scratch/actor-framework-0.14.5/build'
make[3]: Entering directory '/scratch/actor-framework-0.14.5/build'
make[3]: Entering directory '/scratch/actor-framework-0.14.5/build'
Scanning dependencies of target libcaf_io
Scanning dependencies of target all_examples
Scanning dependencies of target libcaf_core
make[3]: Leaving directory '/scratch/actor-framework-0.14.5/build'
make[3]: Leaving directory '/scratch/actor-framework-0.14.5/build'
make[3]: Leaving directory '/scratch/actor-framework-0.14.5/build'
Scanning dependencies of target all_unit_tests
make[3]: Leaving directory '/scratch/actor-framework-0.14.5/build'
[  0%] Built target all_examples
[  0%] Built target libcaf_core
[  0%] Built target libcaf_io
[  0%] Built target all_unit_tests
make[3]: Entering directory '/scratch/actor-framework-0.14.5/build'
Scanning dependencies of target libcaf_core_shared
make[3]: Leaving directory '/scratch/actor-framework-0.14.5/build'
make[3]: Entering directory '/scratch/actor-framework-0.14.5/build'
[  1%] Building CXX object libcaf_core/CMakeFiles/libcaf_core_shared.dir/src/abstract_actor.cpp.o
[  1%] Building CXX object libcaf_core/CMakeFiles/libcaf_core_shared.dir/src/abstract_channel.cpp.o
[  2%] Building CXX object libcaf_core/CMakeFiles/libcaf_core_shared.dir/src/abstract_coordinator.cpp.o
[  2%] Building CXX object libcaf_core/CMakeFiles/libcaf_core_shared.dir/src/abstract_group.cpp.o
[  3%] Building CXX object libcaf_core/CMakeFiles/libcaf_core_shared.dir/src/actor.cpp.o
[  3%] Building CXX object libcaf_core/CMakeFiles/libcaf_core_shared.dir/src/actor_addr.cpp.o
[  4%] Building CXX object libcaf_core/CMakeFiles/libcaf_core_shared.dir/src/actor_companion.cpp.o
[  4%] Building CXX object libcaf_core/CMakeFiles/libcaf_core_shared.dir/src/actor_namespace.cpp.o
[  5%] Building CXX object libcaf_core/CMakeFiles/libcaf_core_shared.dir/src/actor_ostream.cpp.o
[  5%] Building CXX object libcaf_core/CMakeFiles/libcaf_core_shared.dir/src/actor_pool.cpp.o
[  6%] Building CXX object libcaf_core/CMakeFiles/libcaf_core_shared.dir/src/actor_proxy.cpp.o
[  7%] Building CXX object libcaf_core/CMakeFiles/libcaf_core_shared.dir/src/actor_registry.cpp.o
[  7%] Building CXX object libcaf_core/CMakeFiles/libcaf_core_shared.dir/src/attachable.cpp.o
[  7%] Building CXX object libcaf_core/CMakeFiles/libcaf_core_shared.dir/src/behavior.cpp.o
[  8%] Building CXX object libcaf_core/CMakeFiles/libcaf_core_shared.dir/src/announce_actor_type.cpp.o
[  9%] Building CXX object libcaf_core/CMakeFiles/libcaf_core_shared.dir/src/behavior_stack.cpp.o
[ 10%] Building CXX object libcaf_core/CMakeFiles/libcaf_core_shared.dir/src/behavior_impl.cpp.o
[ 10%] Building CXX object libcaf_core/CMakeFiles/libcaf_core_shared.dir/src/binary_deserializer.cpp.o
[ 11%] Building CXX object libcaf_core/CMakeFiles/libcaf_core_shared.dir/src/binary_serializer.cpp.o
[ 11%] Building CXX object libcaf_core/CMakeFiles/libcaf_core_shared.dir/src/blocking_actor.cpp.o
[ 13%] Building CXX object libcaf_core/CMakeFiles/libcaf_core_shared.dir/src/continue_helper.cpp.o
[ 13%] Building CXX object libcaf_core/CMakeFiles/libcaf_core_shared.dir/src/channel.cpp.o
[ 14%] Building CXX object libcaf_core/CMakeFiles/libcaf_core_shared.dir/src/decorated_tuple.cpp.o
[ 14%] Building CXX object libcaf_core/CMakeFiles/libcaf_core_shared.dir/src/concatenated_tuple.cpp.o
[ 14%] Building CXX object libcaf_core/CMakeFiles/libcaf_core_shared.dir/src/default_attachable.cpp.o
[ 15%] Building CXX object libcaf_core/CMakeFiles/libcaf_core_shared.dir/src/deserializer.cpp.o
[ 16%] Building CXX object libcaf_core/CMakeFiles/libcaf_core_shared.dir/src/detached_threads.cpp.o
[ 16%] Building CXX object libcaf_core/CMakeFiles/libcaf_core_shared.dir/src/duration.cpp.o
[ 16%] Building CXX object libcaf_core/CMakeFiles/libcaf_core_shared.dir/src/either.cpp.o
[ 17%] Building CXX object libcaf_core/CMakeFiles/libcaf_core_shared.dir/src/event_based_actor.cpp.o
[ 18%] Building CXX object libcaf_core/CMakeFiles/libcaf_core_shared.dir/src/exception.cpp.o
[ 18%] Building CXX object libcaf_core/CMakeFiles/libcaf_core_shared.dir/src/execution_unit.cpp.o
[ 19%] Building CXX object libcaf_core/CMakeFiles/libcaf_core_shared.dir/src/exit_reason.cpp.o
[ 19%] Building CXX object libcaf_core/CMakeFiles/libcaf_core_shared.dir/src/forwarding_actor_proxy.cpp.o
[ 20%] Building CXX object libcaf_core/CMakeFiles/libcaf_core_shared.dir/src/get_mac_addresses.cpp.o
[ 21%] Building CXX object libcaf_core/CMakeFiles/libcaf_core_shared.dir/src/get_process_id.cpp.o
[ 22%] Building CXX object libcaf_core/CMakeFiles/libcaf_core_shared.dir/src/group_manager.cpp.o
[ 22%] Building CXX object libcaf_core/CMakeFiles/libcaf_core_shared.dir/src/get_root_uuid.cpp.o
[ 22%] Building CXX object libcaf_core/CMakeFiles/libcaf_core_shared.dir/src/group.cpp.o
[ 23%] Building CXX object libcaf_core/CMakeFiles/libcaf_core_shared.dir/src/match_case.cpp.o
[ 24%] Building CXX object libcaf_core/CMakeFiles/libcaf_core_shared.dir/src/local_actor.cpp.o
[ 25%] Building CXX object libcaf_core/CMakeFiles/libcaf_core_shared.dir/src/logging.cpp.o
[ 25%] Building CXX object libcaf_core/CMakeFiles/libcaf_core_shared.dir/src/mailbox_element.cpp.o
[ 25%] Building CXX object libcaf_core/CMakeFiles/libcaf_core_shared.dir/src/memory.cpp.o
[ 26%] Building CXX object libcaf_core/CMakeFiles/libcaf_core_shared.dir/src/memory_managed.cpp.o
[ 26%] Building CXX object libcaf_core/CMakeFiles/libcaf_core_shared.dir/src/message.cpp.o
[ 27%] Building CXX object libcaf_core/CMakeFiles/libcaf_core_shared.dir/src/message_builder.cpp.o
[ 27%] Building CXX object libcaf_core/CMakeFiles/libcaf_core_shared.dir/src/message_data.cpp.o
[ 28%] Building CXX object libcaf_core/CMakeFiles/libcaf_core_shared.dir/src/message_handler.cpp.o
[ 29%] Building CXX object libcaf_core/CMakeFiles/libcaf_core_shared.dir/src/node_id.cpp.o
[ 29%] Building CXX object libcaf_core/CMakeFiles/libcaf_core_shared.dir/src/parse_config.cpp.o
[ 30%] Building CXX object libcaf_core/CMakeFiles/libcaf_core_shared.dir/src/parse_ini.cpp.o
[ 30%] Building CXX object libcaf_core/CMakeFiles/libcaf_core_shared.dir/src/ref_counted.cpp.o
[ 31%] Building CXX object libcaf_core/CMakeFiles/libcaf_core_shared.dir/src/response_promise.cpp.o
[ 31%] Building CXX object libcaf_core/CMakeFiles/libcaf_core_shared.dir/src/replies_to.cpp.o
[ 32%] Building CXX object libcaf_core/CMakeFiles/libcaf_core_shared.dir/src/resumable.cpp.o
[ 33%] Building CXX object libcaf_core/CMakeFiles/libcaf_core_shared.dir/src/ripemd_160.cpp.o
[ 33%] Building CXX object libcaf_core/CMakeFiles/libcaf_core_shared.dir/src/run_sub_unit_test.cpp.o
[ 33%] Building CXX object libcaf_core/CMakeFiles/libcaf_core_shared.dir/src/set_scheduler.cpp.o
[ 34%] Building CXX object libcaf_core/CMakeFiles/libcaf_core_shared.dir/src/scoped_actor.cpp.o
[ 35%] Building CXX object libcaf_core/CMakeFiles/libcaf_core_shared.dir/src/serializer.cpp.o
[ 36%] Building CXX object libcaf_core/CMakeFiles/libcaf_core_shared.dir/src/shared_spinlock.cpp.o
[ 36%] Building CXX object libcaf_core/CMakeFiles/libcaf_core_shared.dir/src/shutdown.cpp.o
[ 37%] Building CXX object libcaf_core/CMakeFiles/libcaf_core_shared.dir/src/singletons.cpp.o
[ 38%] Building CXX object libcaf_core/CMakeFiles/libcaf_core_shared.dir/src/string_serialization.cpp.o
[ 38%] Building CXX object libcaf_core/CMakeFiles/libcaf_core_shared.dir/src/sync_request_bouncer.cpp.o
[ 38%] Building CXX object libcaf_core/CMakeFiles/libcaf_core_shared.dir/src/try_match.cpp.o
[ 40%] Building CXX object libcaf_core/CMakeFiles/libcaf_core_shared.dir/src/uniform_type_info.cpp.o
[ 40%] Building CXX object libcaf_core/CMakeFiles/libcaf_core_shared.dir/src/uniform_type_info_map.cpp.o
[ 40%] Building CXX object libcaf_core/CMakeFiles/libcaf_core_shared.dir/src/whereis.cpp.o
[ 41%] Linking CXX shared library ../lib/libcaf_core.so
make[3]: Leaving directory '/scratch/actor-framework-0.14.5/build'
[ 41%] Built target libcaf_core_shared
make[3]: Entering directory '/scratch/actor-framework-0.14.5/build'
Scanning dependencies of target libcaf_io_shared
make[3]: Leaving directory '/scratch/actor-framework-0.14.5/build'
make[3]: Entering directory '/scratch/actor-framework-0.14.5/build'
[ 42%] Building CXX object libcaf_io/CMakeFiles/libcaf_io_shared.dir/src/basp.cpp.o
[ 42%] Building CXX object libcaf_io/CMakeFiles/libcaf_io_shared.dir/src/basp_broker.cpp.o
[ 42%] Building CXX object libcaf_io/CMakeFiles/libcaf_io_shared.dir/src/abstract_broker.cpp.o
[ 43%] Building CXX object libcaf_io/CMakeFiles/libcaf_io_shared.dir/src/broker.cpp.o
[ 44%] Building CXX object libcaf_io/CMakeFiles/libcaf_io_shared.dir/src/default_multiplexer.cpp.o
[ 44%] Building CXX object libcaf_io/CMakeFiles/libcaf_io_shared.dir/src/doorman.cpp.o
[ 45%] Building CXX object libcaf_io/CMakeFiles/libcaf_io_shared.dir/src/max_msg_size.cpp.o
[ 45%] Building CXX object libcaf_io/CMakeFiles/libcaf_io_shared.dir/src/middleman.cpp.o
[ 46%] Building CXX object libcaf_io/CMakeFiles/libcaf_io_shared.dir/src/hook.cpp.o
[ 47%] Building CXX object libcaf_io/CMakeFiles/libcaf_io_shared.dir/src/interfaces.cpp.o
[ 47%] Building CXX object libcaf_io/CMakeFiles/libcaf_io_shared.dir/src/publish.cpp.o
[ 48%] Building CXX object libcaf_io/CMakeFiles/libcaf_io_shared.dir/src/publish_local_groups.cpp.o
[ 49%] Building CXX object libcaf_io/CMakeFiles/libcaf_io_shared.dir/src/remote_group.cpp.o
[ 49%] Building CXX object libcaf_io/CMakeFiles/libcaf_io_shared.dir/src/remote_actor.cpp.o
[ 49%] Building CXX object libcaf_io/CMakeFiles/libcaf_io_shared.dir/src/manager.cpp.o
[ 50%] Building CXX object libcaf_io/CMakeFiles/libcaf_io_shared.dir/src/set_middleman.cpp.o
[ 51%] Building CXX object libcaf_io/CMakeFiles/libcaf_io_shared.dir/src/scribe.cpp.o
[ 51%] Building CXX object libcaf_io/CMakeFiles/libcaf_io_shared.dir/src/stream_manager.cpp.o
[ 52%] Building CXX object libcaf_io/CMakeFiles/libcaf_io_shared.dir/src/test_multiplexer.cpp.o
[ 52%] Building CXX object libcaf_io/CMakeFiles/libcaf_io_shared.dir/src/unpublish.cpp.o
[ 53%] Building CXX object libcaf_io/CMakeFiles/libcaf_io_shared.dir/src/acceptor_manager.cpp.o
[ 53%] Building CXX object libcaf_io/CMakeFiles/libcaf_io_shared.dir/src/multiplexer.cpp.o
[ 54%] Linking CXX shared library ../lib/libcaf_io.so
make[3]: Leaving directory '/scratch/actor-framework-0.14.5/build'
[ 54%] Built target libcaf_io_shared
make[3]: Entering directory '/scratch/actor-framework-0.14.5/build'
make[3]: Entering directory '/scratch/actor-framework-0.14.5/build'
make[3]: Entering directory '/scratch/actor-framework-0.14.5/build'
make[3]: Entering directory '/scratch/actor-framework-0.14.5/build'
Scanning dependencies of target announce_5
Scanning dependencies of target dining_philosophers
make[3]: Leaving directory '/scratch/actor-framework-0.14.5/build'
make[3]: Leaving directory '/scratch/actor-framework-0.14.5/build'
Scanning dependencies of target simple_broker
make[3]: Leaving directory '/scratch/actor-framework-0.14.5/build'
make[3]: Entering directory '/scratch/actor-framework-0.14.5/build'
make[3]: Entering directory '/scratch/actor-framework-0.14.5/build'
make[3]: Entering directory '/scratch/actor-framework-0.14.5/build'
[ 55%] Building CXX object examples/CMakeFiles/announce_5.dir/type_system/announce_5.cpp.o
[ 55%] Building CXX object examples/CMakeFiles/dining_philosophers.dir/message_passing/dining_philosophers.cpp.o
[ 56%] Building CXX object examples/CMakeFiles/simple_broker.dir/brokers/simple_broker.cpp.o
Scanning dependencies of target caf-test
make[3]: Leaving directory '/scratch/actor-framework-0.14.5/build'
make[3]: Entering directory '/scratch/actor-framework-0.14.5/build'
[ 57%] Building CXX object CMakeFiles/caf-test.dir/libcaf_test/src/caf-test.cpp.o
examples/CMakeFiles/simple_broker.dir/build.make:62: recipe for target 'examples/CMakeFiles/simple_broker.dir/brokers/simple_broker.cpp.o' failed
make[3]: Leaving directory '/scratch/actor-framework-0.14.5/build'
CMakeFiles/Makefile2:469: recipe for target 'examples/CMakeFiles/simple_broker.dir/all' failed
[91mc++: internal compiler error: Killed (program cc1plus)
Please submit a full bug report,
with preprocessed source if appropriate.
See <file:///usr/share/doc/gcc-4.9/README.Bugs> for instructions.
[0m[91mmake[3]: *** [examples/CMakeFiles/simple_broker.dir/brokers/simple_broker.cpp.o] Error 4
make[2]: *** [examples/CMakeFiles/simple_broker.dir/all] Error 2
make[2]: *** Waiting for unfinished jobs....
[0m[ 58%] Building CXX object CMakeFiles/caf-test.dir/libcaf_core/test/actor_lifetime.cpp.o
[ 59%] Linking CXX executable ../bin/dining_philosophers
make[3]: Leaving directory '/scratch/actor-framework-0.14.5/build'
[ 59%] Built target dining_philosophers
[ 59%] Building CXX object CMakeFiles/caf-test.dir/libcaf_core/test/actor_pool.cpp.o
[ 59%] Linking CXX executable ../bin/announce_5
make[3]: Leaving directory '/scratch/actor-framework-0.14.5/build'
[ 59%] Built target announce_5
[ 60%] Building CXX object CMakeFiles/caf-test.dir/libcaf_core/test/announce_actor_type.cpp.o
[ 60%] Building CXX object CMakeFiles/caf-test.dir/libcaf_core/test/aout.cpp.o
[ 61%] Building CXX object CMakeFiles/caf-test.dir/libcaf_core/test/atom.cpp.o
[ 61%] Building CXX object CMakeFiles/caf-test.dir/libcaf_core/test/constructor_attach.cpp.o
[ 62%] Building CXX object CMakeFiles/caf-test.dir/libcaf_core/test/custom_exception_handler.cpp.o
[ 63%] Building CXX object CMakeFiles/caf-test.dir/libcaf_core/test/dynamic_spawn.cpp.o
[ 63%] Building CXX object CMakeFiles/caf-test.dir/libcaf_core/test/either.cpp.o
[ 64%] Building CXX object CMakeFiles/caf-test.dir/libcaf_core/test/extract.cpp.o
[ 64%] Building CXX object CMakeFiles/caf-test.dir/libcaf_core/test/intrusive_ptr.cpp.o
CMakeFiles/caf-test.dir/build.make:254: recipe for target 'CMakeFiles/caf-test.dir/libcaf_core/test/dynamic_spawn.cpp.o' failed
[91mc++: internal compiler error: Killed (program cc1plus)
Please submit a full bug report,
with preprocessed source if appropriate.
See <file:///usr/share/doc/gcc-4.9/README.Bugs> for instructions.
[0m[91mmake[3]: *** [CMakeFiles/caf-test.dir/libcaf_core/test/dynamic_spawn.cpp.o] Error 4
make[3]: *** Waiting for unfinished jobs....
[0mmake[3]: Leaving directory '/scratch/actor-framework-0.14.5/build'
[91mmake[2]: *** [CMakeFiles/caf-test.dir/all] Error 2
[0mCMakeFiles/Makefile2:133: recipe for target 'CMakeFiles/caf-test.dir/all' failed
make[2]: Leaving directory '/scratch/actor-framework-0.14.5/build'
[91mmake[1]: *** [all] Error 2
[0mMakefile:138: recipe for target 'all' failed
make[1]: Leaving directory '/scratch/actor-framework-0.14.5/build'
[91mmake: *** [install] Error 2
[0mMakefile:10: recipe for target 'install' failed
Service 'connector' failed to build: The command '/bin/sh -c make -j4 install' returned a non-zero code: 2
