nohup: ignoring input
Building connector
Step 1 : FROM resin/rpi-raspbian:jessie
 ---> e49ffb0714c7
Step 2 : RUN apt-get update && apt-get install -y     build-essential     cmake     curl     git     python     python-dev     python-pip     swig     --no-install-recommends &&     rm -rf /var/lib/apt/lists/*
 ---> Using cache
 ---> 6a5dbc36bf49
Step 3 : RUN echo 'deb http://mirrordirector.raspbian.org/raspbian/ testing main contrib non-free rpi' > /etc/apt/sources.list.d/stretch.list
 ---> Using cache
 ---> 0dee5f3c31b8
Step 4 : RUN apt-get update && apt-get install -y     gcc-6 g++-6     --no-install-recommends
 ---> Using cache
 ---> cd17960ab08a
Step 5 : RUN export CC=/usr/bin/gcc-6 && export CXX=/usr/bin/g++-6
 ---> Running in d71adb7f4d41
 ---> 78bd8a21a3db
Removing intermediate container d71adb7f4d41
Step 6 : WORKDIR /scratch
 ---> Running in a36aa9bd8eb5
 ---> ea4cb46a1ae3
Removing intermediate container a36aa9bd8eb5
Step 7 : RUN curl -LO https://github.com/actor-framework/actor-framework/archive/0.14.5.tar.gz
 ---> Running in 3e7335e5cd0f
[91m  % Total    % Received % Xferd  Average Speed   Time    Time     Time  Current
                                 Dload  Upload   Total   Spent    Left  Speed
  0     0    0     0    0     0      0      0 --:--:-- --:--:-- --:--:--     0[0m[91m100   139    0   139    0     0    241      0 --:--:-- --:--:-- --:-[0m[91m-:--   242
[0m[91m  0     0    0     0    0     0      0      0 --:--:-- --:[0m[91m--:-- --:--:--     0[0m[91m100  250k    0  250k    0     0[0m[91m   [0m[91m142k      0 --:--:--  0:00[0m[91m:01 --:--:--  264k[0m[91m100 1210k    0 1210k    0     0   473k      0 --:--:--  0:00:02 --:--:--  694k
[0m ---> cb91a19fee2f
Removing intermediate container 3e7335e5cd0f
Step 8 : RUN tar xzf 0.14.5.tar.gz
 ---> Running in 9811c34f20f5
 ---> f0293b72f9f8
Removing intermediate container 9811c34f20f5
Step 9 : WORKDIR actor-framework-0.14.5
 ---> Running in 41319ac2f29f
 ---> f2fceaac7711
Removing intermediate container 41319ac2f29f
Step 10 : RUN ./configure
 ---> Running in 6f43362b3bf7
-- The C compiler identification is GNU 4.9.2
-- The CXX compiler identification is GNU 4.9.2
-- Check for working C compiler: /usr/bin/cc
-- Check for working C compiler: /usr/bin/cc -- works
-- Detecting C compiler ABI info
-- Detecting C compiler ABI info - done
-- Detecting C compile features
-- Detecting C compile features - done
-- Check for working CXX compiler: /usr/bin/c++
-- Check for working CXX compiler: /usr/bin/c++ -- works
-- Detecting CXX compiler ABI info
-- Detecting CXX compiler ABI info - done
-- Detecting CXX compile features
-- Detecting CXX compile features - done
-- Found g++ version 4.9
[91m-- Found OpenCL: OpenCL_LIBRARIES-NOTFOUND
[0m-- Looking for pthread.h
-- Looking for pthread.h - found
-- Looking for pthread_create
-- Looking for pthread_create - not found
-- Looking for pthread_create in pthreads
-- Looking for pthread_create in pthreads - not found
-- Looking for pthread_create in pthread
-- Looking for pthread_create in pthread - found
-- Found Threads: TRUE  
-- Could NOT find Protobuf (missing:  Protobuf_INCLUDE_DIR) 
[91mCMake Warning at examples/CMakeLists.txt:56 (find_package):
  By not providing "FindQt5.cmake" in CMAKE_MODULE_PATH this project has
  asked CMake to find a package configuration file provided by "Qt5", but
  CMake did not find one.

  Could not find a package configuration file provided by "Qt5" with any of
  the following names:

    Qt5Config.cmake
    qt5-config.cmake

  Add the installation prefix of "Qt5" to CMAKE_PREFIX_PATH or set "Qt5_DIR"
  to a directory containing one of the above files.  If "Qt5" provides a
  separate development package or SDK, be sure it has been installed.


[0m-- Found unsuitable Qt version "" from NOTFOUND
-- Could NOT find CURL (missing:  CURL_LIBRARY CURL_INCLUDE_DIR) 
-- Found 45 test suites
-- Could NOT find Doxygen (missing:  DOXYGEN_EXECUTABLE) 
-- 
====================|  Build Summary  |====================

Libcaf version:    0.14.5

Build type:        RelWithDebInfo
Build static:      no
Build static only: no
Runtime checks:    no
Log level:         none
With mem. mgmt.:   yes

Build examples:    yes
Build unit tests:  yes
Build riac:        yes
Build nexus:       no
Build cash:        no
Build benchmarks:  no
Build opencl:      yes

CXX:               /usr/bin/c++
CXXFLAGS:          -std=c++11 -Wextra -Wall -pedantic -ftemplate-depth=512 -pthread -fPIC -O2 -g
LIBRARIES:         

Source directory:  /scratch/actor-framework-0.14.5
Build directory:   /scratch/actor-framework-0.14.5/build
Executable path:   /scratch/actor-framework-0.14.5/build/bin
Library path:      /scratch/actor-framework-0.14.5/build/lib
Install prefix:    /usr/local
Generator:         Unix Makefiles

===========================================================

-- Configuring done
-- Generating done
-- Build files have been written to: /scratch/actor-framework-0.14.5/build
 ---> 1aedf72660f2
Removing intermediate container 6f43362b3bf7
Step 11 : RUN make -j4 install
 ---> Running in f60f1e7f19d4
make[1]: Entering directory '/scratch/actor-framework-0.14.5/build'
make[2]: Entering directory '/scratch/actor-framework-0.14.5/build'
make[3]: Entering directory '/scratch/actor-framework-0.14.5/build'
make[3]: Entering directory '/scratch/actor-framework-0.14.5/build'
make[3]: Entering directory '/scratch/actor-framework-0.14.5/build'
make[3]: Entering directory '/scratch/actor-framework-0.14.5/build'
Scanning dependencies of target libcaf_io
make[3]: Leaving directory '/scratch/actor-framework-0.14.5/build'
Scanning dependencies of target all_examples
Scanning dependencies of target libcaf_core
make[3]: Leaving directory '/scratch/actor-framework-0.14.5/build'
make[3]: Leaving directory '/scratch/actor-framework-0.14.5/build'
Scanning dependencies of target all_unit_tests
make[3]: Leaving directory '/scratch/actor-framework-0.14.5/build'
[  0%] Built target libcaf_io
[  0%] Built target libcaf_core
[  0%] Built target all_examples
[  0%] Built target all_unit_tests
make[3]: Entering directory '/scratch/actor-framework-0.14.5/build'
Scanning dependencies of target libcaf_core_shared
make[3]: Leaving directory '/scratch/actor-framework-0.14.5/build'
make[3]: Entering directory '/scratch/actor-framework-0.14.5/build'
[  1%] Building CXX object libcaf_core/CMakeFiles/libcaf_core_shared.dir/src/abstract_channel.cpp.o
[  2%] Building CXX object libcaf_core/CMakeFiles/libcaf_core_shared.dir/src/abstract_coordinator.cpp.o
[  2%] Building CXX object libcaf_core/CMakeFiles/libcaf_core_shared.dir/src/abstract_group.cpp.o
[  2%] Building CXX object libcaf_core/CMakeFiles/libcaf_core_shared.dir/src/abstract_actor.cpp.o
[  4%] Building CXX object libcaf_core/CMakeFiles/libcaf_core_shared.dir/src/actor_addr.cpp.o
[  4%] Building CXX object libcaf_core/CMakeFiles/libcaf_core_shared.dir/src/actor.cpp.o
[  4%] Building CXX object libcaf_core/CMakeFiles/libcaf_core_shared.dir/src/actor_companion.cpp.o
[  4%] Building CXX object libcaf_core/CMakeFiles/libcaf_core_shared.dir/src/actor_namespace.cpp.o
[  5%] Building CXX object libcaf_core/CMakeFiles/libcaf_core_shared.dir/src/actor_ostream.cpp.o
[  5%] Building CXX object libcaf_core/CMakeFiles/libcaf_core_shared.dir/src/actor_pool.cpp.o
[  6%] Building CXX object libcaf_core/CMakeFiles/libcaf_core_shared.dir/src/actor_proxy.cpp.o
[  7%] Building CXX object libcaf_core/CMakeFiles/libcaf_core_shared.dir/src/actor_registry.cpp.o
[  7%] Building CXX object libcaf_core/CMakeFiles/libcaf_core_shared.dir/src/attachable.cpp.o
[  8%] Building CXX object libcaf_core/CMakeFiles/libcaf_core_shared.dir/src/announce_actor_type.cpp.o
[  8%] Building CXX object libcaf_core/CMakeFiles/libcaf_core_shared.dir/src/behavior.cpp.o
[  9%] Building CXX object libcaf_core/CMakeFiles/libcaf_core_shared.dir/src/behavior_stack.cpp.o
[ 10%] Building CXX object libcaf_core/CMakeFiles/libcaf_core_shared.dir/src/behavior_impl.cpp.o
[ 10%] Building CXX object libcaf_core/CMakeFiles/libcaf_core_shared.dir/src/binary_deserializer.cpp.o
[ 10%] Building CXX object libcaf_core/CMakeFiles/libcaf_core_shared.dir/src/blocking_actor.cpp.o
[ 11%] Building CXX object libcaf_core/CMakeFiles/libcaf_core_shared.dir/src/binary_serializer.cpp.o
[ 12%] Building CXX object libcaf_core/CMakeFiles/libcaf_core_shared.dir/src/channel.cpp.o
[ 12%] Building CXX object libcaf_core/CMakeFiles/libcaf_core_shared.dir/src/concatenated_tuple.cpp.o
[ 13%] Building CXX object libcaf_core/CMakeFiles/libcaf_core_shared.dir/src/continue_helper.cpp.o
[ 14%] Building CXX object libcaf_core/CMakeFiles/libcaf_core_shared.dir/src/decorated_tuple.cpp.o
[ 14%] Building CXX object libcaf_core/CMakeFiles/libcaf_core_shared.dir/src/default_attachable.cpp.o
[ 15%] Building CXX object libcaf_core/CMakeFiles/libcaf_core_shared.dir/src/deserializer.cpp.o
[ 16%] Building CXX object libcaf_core/CMakeFiles/libcaf_core_shared.dir/src/detached_threads.cpp.o
[ 16%] Building CXX object libcaf_core/CMakeFiles/libcaf_core_shared.dir/src/duration.cpp.o
[ 17%] Building CXX object libcaf_core/CMakeFiles/libcaf_core_shared.dir/src/event_based_actor.cpp.o
[ 17%] Building CXX object libcaf_core/CMakeFiles/libcaf_core_shared.dir/src/either.cpp.o
[ 18%] Building CXX object libcaf_core/CMakeFiles/libcaf_core_shared.dir/src/execution_unit.cpp.o
[ 18%] Building CXX object libcaf_core/CMakeFiles/libcaf_core_shared.dir/src/exception.cpp.o
[ 19%] Building CXX object libcaf_core/CMakeFiles/libcaf_core_shared.dir/src/forwarding_actor_proxy.cpp.o
[ 19%] Building CXX object libcaf_core/CMakeFiles/libcaf_core_shared.dir/src/exit_reason.cpp.o
[ 20%] Building CXX object libcaf_core/CMakeFiles/libcaf_core_shared.dir/src/get_mac_addresses.cpp.o
[ 21%] Building CXX object libcaf_core/CMakeFiles/libcaf_core_shared.dir/src/get_process_id.cpp.o
[ 21%] Building CXX object libcaf_core/CMakeFiles/libcaf_core_shared.dir/src/get_root_uuid.cpp.o
[ 22%] Building CXX object libcaf_core/CMakeFiles/libcaf_core_shared.dir/src/group.cpp.o
[ 22%] Building CXX object libcaf_core/CMakeFiles/libcaf_core_shared.dir/src/group_manager.cpp.o
[ 23%] Building CXX object libcaf_core/CMakeFiles/libcaf_core_shared.dir/src/match_case.cpp.o
[ 23%] Building CXX object libcaf_core/CMakeFiles/libcaf_core_shared.dir/src/local_actor.cpp.o
[ 24%] Building CXX object libcaf_core/CMakeFiles/libcaf_core_shared.dir/src/logging.cpp.o
[ 25%] Building CXX object libcaf_core/CMakeFiles/libcaf_core_shared.dir/src/mailbox_element.cpp.o
[ 25%] Building CXX object libcaf_core/CMakeFiles/libcaf_core_shared.dir/src/memory.cpp.o
[ 26%] Building CXX object libcaf_core/CMakeFiles/libcaf_core_shared.dir/src/memory_managed.cpp.o
[ 26%] Building CXX object libcaf_core/CMakeFiles/libcaf_core_shared.dir/src/message.cpp.o
[ 27%] Building CXX object libcaf_core/CMakeFiles/libcaf_core_shared.dir/src/message_builder.cpp.o
[ 27%] Building CXX object libcaf_core/CMakeFiles/libcaf_core_shared.dir/src/message_data.cpp.o
[ 28%] Building CXX object libcaf_core/CMakeFiles/libcaf_core_shared.dir/src/message_handler.cpp.o
[ 29%] Building CXX object libcaf_core/CMakeFiles/libcaf_core_shared.dir/src/node_id.cpp.o
[ 29%] Building CXX object libcaf_core/CMakeFiles/libcaf_core_shared.dir/src/parse_config.cpp.o
[ 31%] Building CXX object libcaf_core/CMakeFiles/libcaf_core_shared.dir/src/ref_counted.cpp.o
[ 31%] Building CXX object libcaf_core/CMakeFiles/libcaf_core_shared.dir/src/parse_ini.cpp.o
[ 31%] Building CXX object libcaf_core/CMakeFiles/libcaf_core_shared.dir/src/response_promise.cpp.o
[ 31%] Building CXX object libcaf_core/CMakeFiles/libcaf_core_shared.dir/src/replies_to.cpp.o
[ 32%] Building CXX object libcaf_core/CMakeFiles/libcaf_core_shared.dir/src/resumable.cpp.o
[ 33%] Building CXX object libcaf_core/CMakeFiles/libcaf_core_shared.dir/src/ripemd_160.cpp.o
[ 33%] Building CXX object libcaf_core/CMakeFiles/libcaf_core_shared.dir/src/run_sub_unit_test.cpp.o
[ 34%] Building CXX object libcaf_core/CMakeFiles/libcaf_core_shared.dir/src/scoped_actor.cpp.o
[ 34%] Building CXX object libcaf_core/CMakeFiles/libcaf_core_shared.dir/src/set_scheduler.cpp.o
[ 35%] Building CXX object libcaf_core/CMakeFiles/libcaf_core_shared.dir/src/serializer.cpp.o
[ 36%] Building CXX object libcaf_core/CMakeFiles/libcaf_core_shared.dir/src/shared_spinlock.cpp.o
[ 36%] Building CXX object libcaf_core/CMakeFiles/libcaf_core_shared.dir/src/shutdown.cpp.o
[ 37%] Building CXX object libcaf_core/CMakeFiles/libcaf_core_shared.dir/src/singletons.cpp.o
[ 37%] Building CXX object libcaf_core/CMakeFiles/libcaf_core_shared.dir/src/string_serialization.cpp.o
[ 38%] Building CXX object libcaf_core/CMakeFiles/libcaf_core_shared.dir/src/sync_request_bouncer.cpp.o
[ 38%] Building CXX object libcaf_core/CMakeFiles/libcaf_core_shared.dir/src/try_match.cpp.o
[ 39%] Building CXX object libcaf_core/CMakeFiles/libcaf_core_shared.dir/src/uniform_type_info.cpp.o
[ 40%] Building CXX object libcaf_core/CMakeFiles/libcaf_core_shared.dir/src/uniform_type_info_map.cpp.o
[ 40%] Building CXX object libcaf_core/CMakeFiles/libcaf_core_shared.dir/src/whereis.cpp.o
[ 41%] Linking CXX shared library ../lib/libcaf_core.so
make[3]: Leaving directory '/scratch/actor-framework-0.14.5/build'
[ 41%] Built target libcaf_core_shared
make[3]: Entering directory '/scratch/actor-framework-0.14.5/build'
Scanning dependencies of target libcaf_io_shared
make[3]: Leaving directory '/scratch/actor-framework-0.14.5/build'
make[3]: Entering directory '/scratch/actor-framework-0.14.5/build'
[ 41%] Building CXX object libcaf_io/CMakeFiles/libcaf_io_shared.dir/src/basp.cpp.o
[ 42%] Building CXX object libcaf_io/CMakeFiles/libcaf_io_shared.dir/src/basp_broker.cpp.o
[ 43%] Building CXX object libcaf_io/CMakeFiles/libcaf_io_shared.dir/src/broker.cpp.o
[ 43%] Building CXX object libcaf_io/CMakeFiles/libcaf_io_shared.dir/src/abstract_broker.cpp.o
[ 44%] Building CXX object libcaf_io/CMakeFiles/libcaf_io_shared.dir/src/default_multiplexer.cpp.o
[ 44%] Building CXX object libcaf_io/CMakeFiles/libcaf_io_shared.dir/src/doorman.cpp.o
[ 45%] Building CXX object libcaf_io/CMakeFiles/libcaf_io_shared.dir/src/max_msg_size.cpp.o
[ 45%] Building CXX object libcaf_io/CMakeFiles/libcaf_io_shared.dir/src/middleman.cpp.o
[ 46%] Building CXX object libcaf_io/CMakeFiles/libcaf_io_shared.dir/src/hook.cpp.o
[ 47%] Building CXX object libcaf_io/CMakeFiles/libcaf_io_shared.dir/src/interfaces.cpp.o
[ 47%] Building CXX object libcaf_io/CMakeFiles/libcaf_io_shared.dir/src/publish.cpp.o
[ 48%] Building CXX object libcaf_io/CMakeFiles/libcaf_io_shared.dir/src/publish_local_groups.cpp.o
Gracefully stopping... (press Ctrl+C again to force)
